#
# A fatal error has been detected by the Java Runtime Environment:
#
#  EXCEPTION_ACCESS_VIOLATION (0xc0000005) at pc=0x6d0cc5e7, pid=5488, tid=5272
#
# JRE version: 6.0_26-b03
# Java VM: Java HotSpot(TM) Client VM (20.1-b02 mixed mode, sharing windows-x86 )
# Problematic frame:
# C  [awt.dll+0x1c5e7]
#
# If you would like to submit a bug report, please visit:
#   http://java.sun.com/webapps/bugreport/crash.jsp
# The crash happened outside the Java Virtual Machine in native code.
# See problematic frame for where to report the bug.
#

---------------  T H R E A D  ---------------

Current thread (0x030f2800):  JavaThread "AWT-Windows" daemon [_thread_in_native, id=5272, stack(0x036d0000,0x03720000)]

siginfo: ExceptionCode=0xc0000005, reading address 0x000003b8

Registers:
EAX=0x000000ee, EBX=0x00000000, ECX=0x1e399e6c, EDX=0x00000000
ESP=0x0371ed2c, EBP=0x00004796, ESI=0x03e80000, EDI=0x000003ae
EIP=0x6d0cc5e7, EFLAGS=0x00010207

Top of Stack: (sp=0x0371ed2c)
0x0371ed2c:   fffffffc 030f2928 03e7ab30 ffffffe9
0x0371ed3c:   6d0b1cfc ffeeeeee 00000000 000003ae
0x0371ed4c:   000002a1 0371ee40 00000002 6d1ab9c0
0x0371ed5c:   0371edb8 030f2800 37592f08 0371ef1c
0x0371ed6c:   36aec4b0 6d1ab9c0 041623a0 00000004
0x0371ed7c:   00000000 0336f4a0 00000004 00000017
0x0371ed8c:   000003b2 000002b8 00000004 00000017
0x0371ed9c:   000003b2 000002b8 00000000 00000000 

Instructions: (pc=0x6d0cc5e7)
0x6d0cc5c7:   d2 96 00 00 00 6b c0 1d 03 d5 8d 84 02 80 00 00
0x6d0cc5d7:   00 99 81 e2 ff 00 00 00 03 c2 c1 f8 08 0f b6 c0
0x6d0cc5e7:   8a 14 83 83 c1 04 88 16 46 4f 75 bd 8b 7c 24 18
0x6d0cc5f7:   8b 54 24 28 8b 44 24 20 03 cf 03 f2 48 89 44 24 


Register to memory mapping:

EAX=0x000000ee is an unknown value
EBX=0x00000000 is an unknown value
ECX=0x1e399e6c is an oop
[I 
 - klass: {type array int}
 - length: 633966
EDX=0x00000000 is an unknown value
ESP=0x0371ed2c is pointing into the stack for thread: 0x030f2800
EBP=0x00004796 is an unknown value
ESI=0x03e80000 is an unknown value
EDI=0x000003ae is an unknown value


Stack: [0x036d0000,0x03720000],  sp=0x0371ed2c,  free space=315k
Native frames: (J=compiled Java code, j=interpreted, Vv=VM code, C=native code)
C  [awt.dll+0x1c5e7]  Java_sun_java2d_loops_TransformHelper_Transform+0xd687

Java frames: (J=compiled Java code, j=interpreted, Vv=VM code)
j  sun.java2d.loops.Blit.Blit(Lsun/java2d/SurfaceData;Lsun/java2d/SurfaceData;Ljava/awt/Composite;Lsun/java2d/pipe/Region;IIIIII)V+0
j  sun.java2d.pipe.DrawImage.blitSurfaceData(Lsun/java2d/SunGraphics2D;Lsun/java2d/pipe/Region;Lsun/java2d/SurfaceData;Lsun/java2d/SurfaceData;Lsun/java2d/loops/SurfaceType;Lsun/java2d/loops/SurfaceType;IIIIIILjava/awt/Color;)V+97
j  sun.java2d.pipe.DrawImage.renderImageCopy(Lsun/java2d/SunGraphics2D;Ljava/awt/Image;Ljava/awt/Color;IIIIII)Z+75
j  sun.java2d.pipe.DrawImage.copyImage(Lsun/java2d/SunGraphics2D;Ljava/awt/Image;IIIIIILjava/awt/Color;)Z+33
j  sun.java2d.pipe.DrawImage.copyImage(Lsun/java2d/SunGraphics2D;Ljava/awt/Image;IIIIIILjava/awt/Color;Ljava/awt/image/ImageObserver;)Z+23
j  sun.java2d.pipe.ValidatePipe.copyImage(Lsun/java2d/SunGraphics2D;Ljava/awt/Image;IIIIIILjava/awt/Color;Ljava/awt/image/ImageObserver;)Z+29
j  sun.java2d.SunGraphics2D.copyImage(Ljava/awt/Image;IIIIIILjava/awt/Color;Ljava/awt/image/ImageObserver;)Z+20
j  sun.java2d.SunGraphics2D.drawImage(Ljava/awt/Image;IIIIIIIILjava/awt/Color;Ljava/awt/image/ImageObserver;)Z+154
j  sun.java2d.SunGraphics2D.drawImage(Ljava/awt/Image;IIIIIIIILjava/awt/image/ImageObserver;)Z+19
j  java.awt.Component$BltBufferStrategy.showSubRegion(IIII)V+117
j  java.awt.Component$BltSubRegionBufferStrategy.showIfNotLost(IIII)Z+13
j  javax.swing.BufferStrategyPaintManager.show(Ljava/awt/Container;IIII)Z+100
j  javax.swing.RepaintManager.show(Ljava/awt/Container;IIII)Z+11
j  javax.swing.SwingPaintEventDispatcher.createPaintEvent(Ljava/awt/Component;IIII)Ljava/awt/event/PaintEvent;+38
j  sun.awt.windows.WComponentPeer.postPaintIfNecessary(IIII)V+28
j  sun.awt.windows.WComponentPeer.handleExpose(IIII)V+6
v  ~StubRoutines::call_stub
j  sun.awt.windows.WToolkit.eventLoop()V+0
j  sun.awt.windows.WToolkit.run()V+52
j  java.lang.Thread.run()V+11
v  ~StubRoutines::call_stub

---------------  P R O C E S S  ---------------

Java Threads: ( => current thread )
  0x03317800 JavaThread "Code server for gwthope from Mozilla/5.0 (Windows NT 5.1; rv:10.0.2) Gecko/20100101 Firefox/10.0.2 on http://127.0.0.1:8888/gwthope.html?gwt.codesvr=127.0.0.1:9997 @ n"Q`e<_J=_.:z%eK" daemon [_thread_in_native, id=6292, stack(0x048a0000,0x048f0000)]
  0x04164800 JavaThread "btpool0-5" [_thread_blocked, id=2872, stack(0x03c90000,0x03ce0000)]
  0x034c7800 JavaThread "com.google.inject.internal.util.$Finalizer" daemon [_thread_blocked, id=6960, stack(0x03f20000,0x03f70000)]
  0x04009c00 JavaThread "Timer-0" daemon [_thread_blocked, id=5124, stack(0x03d30000,0x03d80000)]
  0x03510400 JavaThread "btpool0-1 - Acceptor0 SelectChannelConnector@127.0.0.1:8888" [_thread_in_native, id=5928, stack(0x03ce0000,0x03d30000)]
  0x034d6c00 JavaThread "GC Daemon" daemon [_thread_blocked, id=7480, stack(0x03bb0000,0x03c00000)]
  0x03393400 JavaThread "Code server listener" daemon [_thread_in_native, id=6588, stack(0x03c40000,0x03c90000)]
  0x0338e400 JavaThread "TimerQueue" daemon [_thread_blocked, id=2232, stack(0x03b60000,0x03bb0000)]
  0x03320400 JavaThread "UnitWriteThread" daemon [_thread_blocked, id=5216, stack(0x039f0000,0x03a40000)]
  0x02f65800 JavaThread "com.google.gwt.thirdparty.guava.common.base.internal.Finalizer" daemon [_thread_blocked, id=5804, stack(0x03850000,0x038a0000)]
  0x02fe1c00 JavaThread "AWT-EventQueue-0" [_thread_blocked, id=5920, stack(0x037b0000,0x03800000)]
=>0x030f2800 JavaThread "AWT-Windows" daemon [_thread_in_native, id=5272, stack(0x036d0000,0x03720000)]
  0x02f70400 JavaThread "AWT-Shutdown" [_thread_blocked, id=7080, stack(0x03270000,0x032c0000)]
  0x030cf800 JavaThread "Java2D Disposer" daemon [_thread_blocked, id=7476, stack(0x03220000,0x03270000)]
  0x02c2b400 JavaThread "Low Memory Detector" daemon [_thread_blocked, id=1808, stack(0x02ea0000,0x02ef0000)]
  0x02c26c00 JavaThread "C1 CompilerThread0" daemon [_thread_blocked, id=452, stack(0x02e50000,0x02ea0000)]
  0x02c23800 JavaThread "Attach Listener" daemon [_thread_blocked, id=6456, stack(0x02e00000,0x02e50000)]
  0x02c22400 JavaThread "Signal Dispatcher" daemon [_thread_blocked, id=7856, stack(0x02db0000,0x02e00000)]
  0x02c1dc00 JavaThread "Finalizer" daemon [_thread_blocked, id=7272, stack(0x02d60000,0x02db0000)]
  0x02c19000 JavaThread "Reference Handler" daemon [_thread_blocked, id=7996, stack(0x02d10000,0x02d60000)]
  0x002b9000 JavaThread "main" [_thread_blocked, id=6600, stack(0x008c0000,0x00910000)]

Other Threads:
  0x02bdcc00 VMThread [stack: 0x02cc0000,0x02d10000] [id=7764]
  0x02c36000 WatcherThread [stack: 0x02ef0000,0x02f40000] [id=4448]

VM state:not at safepoint (normal execution)

VM Mutex/Monitor currently owned by a thread: None

Heap
 def new generation   total 80000K, used 57953K [0x12990000, 0x18050000, 0x1d430000)
  eden space 71168K,  69% used [0x12990000, 0x159887f0, 0x16f10000)
  from space 8832K, 100% used [0x16f10000, 0x177b0000, 0x177b0000)
  to   space 8832K,   0% used [0x177b0000, 0x177b0000, 0x18050000)
 tenured generation   total 177540K, used 126850K [0x1d430000, 0x28191000, 0x32990000)
   the space 177540K,  71% used [0x1d430000, 0x250108e8, 0x25010a00, 0x28191000)
 compacting perm gen  total 30976K, used 30821K [0x32990000, 0x347d0000, 0x36990000)
   the space 30976K,  99% used [0x32990000, 0x347a9770, 0x347a9800, 0x347d0000)
    ro space 10240K,  54% used [0x36990000, 0x36f0eb78, 0x36f0ec00, 0x37390000)
    rw space 12288K,  55% used [0x37390000, 0x37a349c8, 0x37a34a00, 0x37f90000)

Code Cache  [0x00910000, 0x01058000, 0x02910000)
 total_blobs=3454 nmethods=3220 adapters=168 free_code_cache=25934720 largest_free_block=384

Dynamic libraries:
0x00400000 - 0x00424000 	C:\Java\jdk1.6.0_26\jre\bin\java.exe
0x7c900000 - 0x7c9b2000 	C:\WINDOWS\system32\ntdll.dll
0x7c800000 - 0x7c8f6000 	C:\WINDOWS\system32\kernel32.dll
0x77dd0000 - 0x77e6b000 	C:\WINDOWS\system32\ADVAPI32.dll
0x77e70000 - 0x77f03000 	C:\WINDOWS\system32\RPCRT4.dll
0x77fe0000 - 0x77ff1000 	C:\WINDOWS\system32\Secur32.dll
0x7c340000 - 0x7c396000 	C:\Java\jdk1.6.0_26\jre\bin\msvcr71.dll
0x6d8a0000 - 0x6db4f000 	C:\Java\jdk1.6.0_26\jre\bin\client\jvm.dll
0x7e410000 - 0x7e4a1000 	C:\WINDOWS\system32\USER32.dll
0x77f10000 - 0x77f59000 	C:\WINDOWS\system32\GDI32.dll
0x76b40000 - 0x76b6d000 	C:\WINDOWS\system32\WINMM.dll
0x76390000 - 0x763ad000 	C:\WINDOWS\system32\IMM32.DLL
0x629c0000 - 0x629c9000 	C:\WINDOWS\system32\LPK.DLL
0x74d90000 - 0x74dfb000 	C:\WINDOWS\system32\USP10.dll
0x6d850000 - 0x6d85c000 	C:\Java\jdk1.6.0_26\jre\bin\verify.dll
0x6d3d0000 - 0x6d3ef000 	C:\Java\jdk1.6.0_26\jre\bin\java.dll
0x76bf0000 - 0x76bfb000 	C:\WINDOWS\system32\PSAPI.DLL
0x6d890000 - 0x6d89f000 	C:\Java\jdk1.6.0_26\jre\bin\zip.dll
0x6d6b0000 - 0x6d6c3000 	C:\Java\jdk1.6.0_26\jre\bin\net.dll
0x71ab0000 - 0x71ac7000 	C:\WINDOWS\system32\WS2_32.dll
0x77c10000 - 0x77c68000 	C:\WINDOWS\system32\msvcrt.dll
0x71aa0000 - 0x71aa8000 	C:\WINDOWS\system32\WS2HELP.dll
0x6d0b0000 - 0x6d1fb000 	C:\Java\jdk1.6.0_26\jre\bin\awt.dll
0x73000000 - 0x73026000 	C:\WINDOWS\system32\WINSPOOL.DRV
0x774e0000 - 0x7761e000 	C:\WINDOWS\system32\ole32.dll
0x773d0000 - 0x774d3000 	C:\WINDOWS\WinSxS\x86_Microsoft.Windows.Common-Controls_6595b64144ccf1df_6.0.2600.6028_x-ww_61e65202\COMCTL32.dll
0x77f60000 - 0x77fd6000 	C:\WINDOWS\system32\SHLWAPI.dll
0x5d090000 - 0x5d12a000 	C:\WINDOWS\system32\comctl32.dll
0x74720000 - 0x7476c000 	C:\WINDOWS\system32\MSCTF.dll
0x10000000 - 0x10005000 	C:\Program Files\Unlocker\UnlockerHook.dll
0x7c9c0000 - 0x7d1d7000 	C:\WINDOWS\system32\SHELL32.dll
0x03770000 - 0x03779000 	C:\Program Files\Common Files\Spigot\Search Settings\wth.dll
0x78520000 - 0x785c3000 	C:\WINDOWS\WinSxS\x86_Microsoft.VC90.CRT_1fc8b3b9a1e18e3b_9.0.30729.6161_x-ww_31a54e43\MSVCR90.dll
0x77b40000 - 0x77b62000 	C:\WINDOWS\system32\apphelp.dll
0x755c0000 - 0x755ee000 	C:\WINDOWS\system32\msctfime.ime
0x6d2e0000 - 0x6d32f000 	C:\Java\jdk1.6.0_26\jre\bin\fontmanager.dll
0x6d6d0000 - 0x6d6d9000 	C:\Java\jdk1.6.0_26\jre\bin\nio.dll
0x031c0000 - 0x031d9000 	C:\WINDOWS\system32\btmmhook.dll
0x77120000 - 0x771ab000 	C:\WINDOWS\system32\OLEAUT32.dll
0x68000000 - 0x68036000 	C:\WINDOWS\system32\rsaenh.dll
0x769c0000 - 0x76a74000 	C:\WINDOWS\system32\USERENV.dll
0x71a50000 - 0x71a8f000 	C:\WINDOWS\system32\mswsock.dll
0x662b0000 - 0x66308000 	C:\WINDOWS\system32\hnetcfg.dll
0x76f20000 - 0x76f47000 	C:\WINDOWS\system32\DNSAPI.dll
0x71a90000 - 0x71a98000 	C:\WINDOWS\System32\wshtcpip.dll
0x76d60000 - 0x76d79000 	C:\WINDOWS\system32\iphlpapi.dll
0x5b860000 - 0x5b8b5000 	C:\WINDOWS\system32\netapi32.dll
0x76fb0000 - 0x76fb8000 	C:\WINDOWS\System32\winrnr.dll
0x76f60000 - 0x76f8c000 	C:\WINDOWS\system32\WLDAP32.dll
0x751d0000 - 0x751ee000 	C:\WINDOWS\system32\wshbth.dll
0x77920000 - 0x77a13000 	C:\WINDOWS\system32\SETUPAPI.dll
0x76fc0000 - 0x76fc6000 	C:\WINDOWS\system32\rasadhlp.dll
0x6d830000 - 0x6d838000 	C:\Java\jdk1.6.0_26\jre\bin\sunmscapi.dll
0x77a80000 - 0x77b15000 	C:\WINDOWS\system32\CRYPT32.dll
0x77b20000 - 0x77b32000 	C:\WINDOWS\system32\MSASN1.dll
0x03800000 - 0x03812000 	C:\Program Files\WIDCOMM\Bluetooth Software\btkeyind.dll
0x03830000 - 0x0384a000 	C:\WINDOWS\system32\hccutils.DLL

VM Arguments:
jvm_args: -Xmx512m 
java_command: com.google.gwt.dev.DevMode -war C:\workspace\gwthope\target\gwthope-1.0 -gen C:\workspace\gwthope\target\.generated -logLevel INFO -port 8888 -startupUrl gwthope.html com.rb.gwthope.gwthope
Launcher Type: SUN_STANDARD

Environment Variables:
JAVA_HOME=C:\Java\jdk1.6.0_26
PATH=C:/Eclipse/helios/jre/bin/client;C:/Eclipse/helios/jre/bin;C:/Eclipse/helios/jre/lib/i386;C:\WINDOWS\system32;C:\WINDOWS;C:\WINDOWS\System32\Wbem;C:\ORANT\BIN;C:\Program Files\Windows Imaging\;C:\Program Files\TortoiseSVN\bin;C:\maven\apache-maven-3.0.3-bin\bin;C:\wamp\bin\php\php5.2.2;c:\Program Files\Microsoft SQL Server\100\Tools\Binn\;c:\Program Files\Microsoft SQL Server\100\DTS\Binn\;C:\WINDOWS\system32\WindowsPowerShell\v1.0;c:\Program Files\Microsoft SQL Server\100\Tools\Binn\VSShell\Common7\IDE\;c:\cygwin\bin;C:\Eclipse\helios;
USERNAME=caburnar
OS=Windows_NT
PROCESSOR_IDENTIFIER=x86 Family 6 Model 37 Stepping 5, GenuineIntel



---------------  S Y S T E M  ---------------

OS: Windows XP Build 2600 Service Pack 3

CPU:total 4 (2 cores per cpu, 2 threads per core) family 6 model 37 stepping 5, cmov, cx8, fxsr, mmx, sse, sse2, sse3, ssse3, sse4.1, sse4.2, popcnt, ht

Memory: 4k page, physical 3594056k(498488k free), swap 7019324k(3661436k free)

vm_info: Java HotSpot(TM) Client VM (20.1-b02) for windows-x86 JRE (1.6.0_26-b03), built on May  4 2011 00:50:59 by "java_re" with MS VC++ 7.1 (VS2003)

time: Sat Mar 10 14:43:17 2012
elapsed time: 6502 seconds

